  Source.cpp
C:\Users\Arin\source\repos\Licenta_1.0\Source.cpp(484,89): warning C4244: 'argument': conversion from 'float' to '_Tp', possible loss of data
          with
          [
              _Tp=int
          ]
C:\Users\Arin\source\repos\Licenta_1.0\Source.cpp(484,49): warning C4244: 'argument': conversion from 'float' to '_Tp', possible loss of data
          with
          [
              _Tp=int
          ]
C:\Users\Arin\source\repos\Licenta_1.0\Source.cpp(509,118): warning C4244: 'argument': conversion from 'float' to '_Tp', possible loss of data
          with
          [
              _Tp=int
          ]
C:\Users\Arin\source\repos\Licenta_1.0\Source.cpp(509,69): warning C4244: 'argument': conversion from 'float' to '_Tp', possible loss of data
          with
          [
              _Tp=int
          ]
C:\Users\Arin\source\repos\Licenta_1.0\Source.cpp(524,36): warning C4267: 'initializing': conversion from 'size_t' to 'int', possible loss of data
  Licenta_1.0.vcxproj -> C:\Users\Arin\source\repos\Licenta_1.0\x64\Debug\Licenta_1.0.exe
